2020-05-05 00:05:56,505  INFO [main] Logged1:19 - ************************Opening browserName >>  Chrome*******************************
2020-05-05 00:06:01,309 DEBUG [main] RequestAddCookies:123 - CookieSpec selected: standard
2020-05-05 00:06:01,329 DEBUG [main] RequestAuthCache:77 - Auth cache not set in the context
2020-05-05 00:06:01,333 DEBUG [main] PoolingHttpClientConnectionManager:265 - Connection request: [route: {s}->https://raw.githubusercontent.com:443][total kept alive: 0; route allocated: 0 of 2; total allocated: 0 of 20]
2020-05-05 00:06:01,372 DEBUG [main] PoolingHttpClientConnectionManager:309 - Connection leased: [id: 0][route: {s}->https://raw.githubusercontent.com:443][total kept alive: 0; route allocated: 1 of 2; total allocated: 1 of 20]
2020-05-05 00:06:01,378 DEBUG [main] MainClientExec:235 - Opening connection {s}->https://raw.githubusercontent.com:443
2020-05-05 00:06:01,468 DEBUG [main] DefaultHttpClientConnectionOperator:139 - Connecting to raw.githubusercontent.com/151.101.152.133:443
2020-05-05 00:06:01,469 DEBUG [main] SSLConnectionSocketFactory:337 - Connecting socket to raw.githubusercontent.com/151.101.152.133:443 with timeout 0
2020-05-05 00:06:01,766 DEBUG [main] SSLConnectionSocketFactory:390 - Enabled protocols: [TLSv1, TLSv1.1, TLSv1.2]
2020-05-05 00:06:01,767 DEBUG [main] SSLConnectionSocketFactory:391 - Enabled cipher suites:[TLS_ECDHE_ECDSA_WITH_AES_256_CBC_SHA384, TLS_ECDHE_RSA_WITH_AES_256_CBC_SHA384, TLS_RSA_WITH_AES_256_CBC_SHA256, TLS_ECDH_ECDSA_WITH_AES_256_CBC_SHA384, TLS_ECDH_RSA_WITH_AES_256_CBC_SHA384, TLS_DHE_RSA_WITH_AES_256_CBC_SHA256, TLS_DHE_DSS_WITH_AES_256_CBC_SHA256, TLS_ECDHE_ECDSA_WITH_AES_256_CBC_SHA, TLS_ECDHE_RSA_WITH_AES_256_CBC_SHA, TLS_RSA_WITH_AES_256_CBC_SHA, TLS_ECDH_ECDSA_WITH_AES_256_CBC_SHA, TLS_ECDH_RSA_WITH_AES_256_CBC_SHA, TLS_DHE_RSA_WITH_AES_256_CBC_SHA, TLS_DHE_DSS_WITH_AES_256_CBC_SHA, TLS_ECDHE_ECDSA_WITH_AES_128_CBC_SHA256, TLS_ECDHE_RSA_WITH_AES_128_CBC_SHA256, TLS_RSA_WITH_AES_128_CBC_SHA256, TLS_ECDH_ECDSA_WITH_AES_128_CBC_SHA256, TLS_ECDH_RSA_WITH_AES_128_CBC_SHA256, TLS_DHE_RSA_WITH_AES_128_CBC_SHA256, TLS_DHE_DSS_WITH_AES_128_CBC_SHA256, TLS_ECDHE_ECDSA_WITH_AES_128_CBC_SHA, TLS_ECDHE_RSA_WITH_AES_128_CBC_SHA, TLS_RSA_WITH_AES_128_CBC_SHA, TLS_ECDH_ECDSA_WITH_AES_128_CBC_SHA, TLS_ECDH_RSA_WITH_AES_128_CBC_SHA, TLS_DHE_RSA_WITH_AES_128_CBC_SHA, TLS_DHE_DSS_WITH_AES_128_CBC_SHA, TLS_ECDHE_ECDSA_WITH_AES_256_GCM_SHA384, TLS_ECDHE_ECDSA_WITH_AES_128_GCM_SHA256, TLS_ECDHE_RSA_WITH_AES_256_GCM_SHA384, TLS_RSA_WITH_AES_256_GCM_SHA384, TLS_ECDH_ECDSA_WITH_AES_256_GCM_SHA384, TLS_ECDH_RSA_WITH_AES_256_GCM_SHA384, TLS_DHE_RSA_WITH_AES_256_GCM_SHA384, TLS_DHE_DSS_WITH_AES_256_GCM_SHA384, TLS_ECDHE_RSA_WITH_AES_128_GCM_SHA256, TLS_RSA_WITH_AES_128_GCM_SHA256, TLS_ECDH_ECDSA_WITH_AES_128_GCM_SHA256, TLS_ECDH_RSA_WITH_AES_128_GCM_SHA256, TLS_DHE_RSA_WITH_AES_128_GCM_SHA256, TLS_DHE_DSS_WITH_AES_128_GCM_SHA256, TLS_EMPTY_RENEGOTIATION_INFO_SCSV]
2020-05-05 00:06:01,768 DEBUG [main] SSLConnectionSocketFactory:395 - Starting handshake
2020-05-05 00:06:02,382 DEBUG [main] SSLConnectionSocketFactory:425 - Secure session established
2020-05-05 00:06:02,383 DEBUG [main] SSLConnectionSocketFactory:426 -  negotiated protocol: TLSv1.2
2020-05-05 00:06:02,384 DEBUG [main] SSLConnectionSocketFactory:427 -  negotiated cipher suite: TLS_ECDHE_RSA_WITH_AES_128_GCM_SHA256
2020-05-05 00:06:02,386 DEBUG [main] SSLConnectionSocketFactory:435 -  peer principal: CN=www.github.com, O="GitHub, Inc.", L=San Francisco, ST=California, C=US
2020-05-05 00:06:02,387 DEBUG [main] SSLConnectionSocketFactory:444 -  peer alternative names: [www.github.com, *.github.com, github.com, *.github.io, github.io, *.githubusercontent.com, githubusercontent.com]
2020-05-05 00:06:02,391 DEBUG [main] SSLConnectionSocketFactory:448 -  issuer principal: CN=DigiCert SHA2 High Assurance Server CA, OU=www.digicert.com, O=DigiCert Inc, C=US
2020-05-05 00:06:02,417 DEBUG [main] DefaultHttpClientConnectionOperator:146 - Connection established 192.168.42.16:49863<->151.101.152.133:443
2020-05-05 00:06:02,418 DEBUG [main] DefaultManagedHttpClientConnection:88 - http-outgoing-0: set socket timeout to 30000
2020-05-05 00:06:02,419 DEBUG [main] MainClientExec:256 - Executing request GET /bonigarcia/webdrivermanager/master/src/main/resources/versions.properties HTTP/1.1
2020-05-05 00:06:02,419 DEBUG [main] MainClientExec:261 - Target auth state: UNCHALLENGED
2020-05-05 00:06:02,421 DEBUG [main] MainClientExec:267 - Proxy auth state: UNCHALLENGED
2020-05-05 00:06:02,426 DEBUG [main] headers:133 - http-outgoing-0 >> GET /bonigarcia/webdrivermanager/master/src/main/resources/versions.properties HTTP/1.1
2020-05-05 00:06:02,427 DEBUG [main] headers:136 - http-outgoing-0 >> User-Agent: Apache-HttpClient/4.5.6
2020-05-05 00:06:02,427 DEBUG [main] headers:136 - http-outgoing-0 >> Connection: keep-alive
2020-05-05 00:06:02,428 DEBUG [main] headers:136 - http-outgoing-0 >> Host: raw.githubusercontent.com
2020-05-05 00:06:02,429 DEBUG [main] headers:136 - http-outgoing-0 >> Accept-Encoding: gzip,deflate
2020-05-05 00:06:02,430 DEBUG [main] wire:73 - http-outgoing-0 >> "GET /bonigarcia/webdrivermanager/master/src/main/resources/versions.properties HTTP/1.1[\r][\n]"
2020-05-05 00:06:02,430 DEBUG [main] wire:73 - http-outgoing-0 >> "User-Agent: Apache-HttpClient/4.5.6[\r][\n]"
2020-05-05 00:06:02,431 DEBUG [main] wire:73 - http-outgoing-0 >> "Connection: keep-alive[\r][\n]"
2020-05-05 00:06:02,432 DEBUG [main] wire:73 - http-outgoing-0 >> "Host: raw.githubusercontent.com[\r][\n]"
2020-05-05 00:06:02,432 DEBUG [main] wire:73 - http-outgoing-0 >> "Accept-Encoding: gzip,deflate[\r][\n]"
2020-05-05 00:06:02,433 DEBUG [main] wire:73 - http-outgoing-0 >> "[\r][\n]"
2020-05-05 00:06:02,655 DEBUG [main] wire:73 - http-outgoing-0 << "HTTP/1.1 200 OK[\r][\n]"
2020-05-05 00:06:02,656 DEBUG [main] wire:73 - http-outgoing-0 << "Connection: keep-alive[\r][\n]"
2020-05-05 00:06:02,656 DEBUG [main] wire:73 - http-outgoing-0 << "Content-Length: 784[\r][\n]"
2020-05-05 00:06:02,657 DEBUG [main] wire:73 - http-outgoing-0 << "Content-Type: text/plain; charset=utf-8[\r][\n]"
2020-05-05 00:06:02,657 DEBUG [main] wire:73 - http-outgoing-0 << "Cache-Control: max-age=300[\r][\n]"
2020-05-05 00:06:02,658 DEBUG [main] wire:73 - http-outgoing-0 << "Content-Security-Policy: default-src 'none'; style-src 'unsafe-inline'; sandbox[\r][\n]"
2020-05-05 00:06:02,659 DEBUG [main] wire:73 - http-outgoing-0 << "ETag: W/"ddf1ebb9551b7a02d97f3d2bddbeb1630768559099c4ddaf39b64e0b5b0c6c70"[\r][\n]"
2020-05-05 00:06:02,660 DEBUG [main] wire:73 - http-outgoing-0 << "Strict-Transport-Security: max-age=31536000[\r][\n]"
2020-05-05 00:06:02,660 DEBUG [main] wire:73 - http-outgoing-0 << "X-Content-Type-Options: nosniff[\r][\n]"
2020-05-05 00:06:02,661 DEBUG [main] wire:73 - http-outgoing-0 << "X-Frame-Options: deny[\r][\n]"
2020-05-05 00:06:02,661 DEBUG [main] wire:73 - http-outgoing-0 << "X-XSS-Protection: 1; mode=block[\r][\n]"
2020-05-05 00:06:02,662 DEBUG [main] wire:73 - http-outgoing-0 << "Via: 1.1 varnish (Varnish/6.0)[\r][\n]"
2020-05-05 00:06:02,662 DEBUG [main] wire:73 - http-outgoing-0 << "Content-Encoding: gzip[\r][\n]"
2020-05-05 00:06:02,663 DEBUG [main] wire:73 - http-outgoing-0 << "X-GitHub-Request-Id: E802:0740:50C082:54DA3F:5EB03632[\r][\n]"
2020-05-05 00:06:02,663 DEBUG [main] wire:73 - http-outgoing-0 << "Accept-Ranges: bytes[\r][\n]"
2020-05-05 00:06:02,664 DEBUG [main] wire:73 - http-outgoing-0 << "Date: Mon, 04 May 2020 18:36:02 GMT[\r][\n]"
2020-05-05 00:06:02,664 DEBUG [main] wire:73 - http-outgoing-0 << "Via: 1.1 varnish[\r][\n]"
2020-05-05 00:06:02,665 DEBUG [main] wire:73 - http-outgoing-0 << "X-Served-By: cache-bom18225-BOM[\r][\n]"
2020-05-05 00:06:02,665 DEBUG [main] wire:73 - http-outgoing-0 << "X-Cache: HIT, HIT[\r][\n]"
2020-05-05 00:06:02,666 DEBUG [main] wire:73 - http-outgoing-0 << "X-Cache-Hits: 4, 1[\r][\n]"
2020-05-05 00:06:02,666 DEBUG [main] wire:73 - http-outgoing-0 << "X-Timer: S1588617362.449953,VS0,VE183[\r][\n]"
2020-05-05 00:06:02,667 DEBUG [main] wire:73 - http-outgoing-0 << "Vary: Authorization,Accept-Encoding[\r][\n]"
2020-05-05 00:06:02,667 DEBUG [main] wire:73 - http-outgoing-0 << "Access-Control-Allow-Origin: *[\r][\n]"
2020-05-05 00:06:02,668 DEBUG [main] wire:73 - http-outgoing-0 << "X-Fastly-Request-ID: a555a7b8f4910699a55dad2a095e02da904824bc[\r][\n]"
2020-05-05 00:06:02,668 DEBUG [main] wire:73 - http-outgoing-0 << "Expires: Mon, 04 May 2020 18:41:02 GMT[\r][\n]"
2020-05-05 00:06:02,669 DEBUG [main] wire:73 - http-outgoing-0 << "Source-Age: 180[\r][\n]"
2020-05-05 00:06:02,669 DEBUG [main] wire:73 - http-outgoing-0 << "[\r][\n]"
2020-05-05 00:06:02,676 DEBUG [main] headers:122 - http-outgoing-0 << HTTP/1.1 200 OK
2020-05-05 00:06:02,676 DEBUG [main] headers:125 - http-outgoing-0 << Connection: keep-alive
2020-05-05 00:06:02,677 DEBUG [main] headers:125 - http-outgoing-0 << Content-Length: 784
2020-05-05 00:06:02,677 DEBUG [main] headers:125 - http-outgoing-0 << Content-Type: text/plain; charset=utf-8
2020-05-05 00:06:02,678 DEBUG [main] headers:125 - http-outgoing-0 << Cache-Control: max-age=300
2020-05-05 00:06:02,678 DEBUG [main] headers:125 - http-outgoing-0 << Content-Security-Policy: default-src 'none'; style-src 'unsafe-inline'; sandbox
2020-05-05 00:06:02,679 DEBUG [main] headers:125 - http-outgoing-0 << ETag: W/"ddf1ebb9551b7a02d97f3d2bddbeb1630768559099c4ddaf39b64e0b5b0c6c70"
2020-05-05 00:06:02,679 DEBUG [main] headers:125 - http-outgoing-0 << Strict-Transport-Security: max-age=31536000
2020-05-05 00:06:02,680 DEBUG [main] headers:125 - http-outgoing-0 << X-Content-Type-Options: nosniff
2020-05-05 00:06:02,680 DEBUG [main] headers:125 - http-outgoing-0 << X-Frame-Options: deny
2020-05-05 00:06:02,681 DEBUG [main] headers:125 - http-outgoing-0 << X-XSS-Protection: 1; mode=block
2020-05-05 00:06:02,681 DEBUG [main] headers:125 - http-outgoing-0 << Via: 1.1 varnish (Varnish/6.0)
2020-05-05 00:06:02,682 DEBUG [main] headers:125 - http-outgoing-0 << Content-Encoding: gzip
2020-05-05 00:06:02,682 DEBUG [main] headers:125 - http-outgoing-0 << X-GitHub-Request-Id: E802:0740:50C082:54DA3F:5EB03632
2020-05-05 00:06:02,682 DEBUG [main] headers:125 - http-outgoing-0 << Accept-Ranges: bytes
2020-05-05 00:06:02,683 DEBUG [main] headers:125 - http-outgoing-0 << Date: Mon, 04 May 2020 18:36:02 GMT
2020-05-05 00:06:02,683 DEBUG [main] headers:125 - http-outgoing-0 << Via: 1.1 varnish
2020-05-05 00:06:02,684 DEBUG [main] headers:125 - http-outgoing-0 << X-Served-By: cache-bom18225-BOM
2020-05-05 00:06:02,684 DEBUG [main] headers:125 - http-outgoing-0 << X-Cache: HIT, HIT
2020-05-05 00:06:02,685 DEBUG [main] headers:125 - http-outgoing-0 << X-Cache-Hits: 4, 1
2020-05-05 00:06:02,685 DEBUG [main] headers:125 - http-outgoing-0 << X-Timer: S1588617362.449953,VS0,VE183
2020-05-05 00:06:02,686 DEBUG [main] headers:125 - http-outgoing-0 << Vary: Authorization,Accept-Encoding
2020-05-05 00:06:02,687 DEBUG [main] headers:125 - http-outgoing-0 << Access-Control-Allow-Origin: *
2020-05-05 00:06:02,688 DEBUG [main] headers:125 - http-outgoing-0 << X-Fastly-Request-ID: a555a7b8f4910699a55dad2a095e02da904824bc
2020-05-05 00:06:02,688 DEBUG [main] headers:125 - http-outgoing-0 << Expires: Mon, 04 May 2020 18:41:02 GMT
2020-05-05 00:06:02,688 DEBUG [main] headers:125 - http-outgoing-0 << Source-Age: 180
2020-05-05 00:06:02,698 DEBUG [main] MainClientExec:285 - Connection can be kept alive indefinitely
2020-05-05 00:06:02,712 DEBUG [main] wire:73 - http-outgoing-0 << "[0x1f][0x8b][0x8][0x0][0x0][0x0][0x0][0x0][0x0][0x3][0x8d][0x95][0xbb][0x8e][0xdb]0[0x10]E{[0x5][0x81]m[0x92][0xc2][0x14]_"%[0x3]l[0xf2][0xac][0x16])[0x92][0x1f][0x90]m[0xda][0x16]V[0x16][\r]J^'[0xf9][0xfa][0xc][0x9f]+[0x1b][0x9][0x90][0xf2][0x1e][\r][0x87]W[0x1c]][0xea][0x9][0xfd]8[0xf5][0x13]:[0xf4][0x83]A;;[0xce]]?Nh>[0x19][0xf4]2[0xda][0xdb][0x88]^[0x8d][0x9b]z[0xb][0xe8]`[0x1d][0xda][0xbb][0xde]k[0xf4]n[0xdb][0x8f][0x9d][0xfb][0xf5][0x1e][0x16][0x9c]/[0xdd][0xdc]oa[0xed][0xad][0x9f]Oa[0xdd][0xce]:g[0xa6][0x8b][0x1d][0xf7][0xfd]xD[go[0x93]q[0xb9][0xcf]j[0xf5][0x84]>D[0xb4]A_[0xad]=[0xc2][0xca][0x8f]'g[0xcf][0x6][0xad][0xd1][0xa7][0xd0]~[0x83]v[0x1][0xc4][0xcd][0xa0][0xfe][0xbb][0xbd][0xba][0x9d][0xd9][0xa0][0xd3]<_6U[0xb5]|[0x8a][0x83][0xe8][0xaf]gl[0xdd][0xb1][0xda][0x83][0xe1][0xc1]v[0xfb]i[0x15]k[0x1a][0xae][0x1b][0x8e][0x9][0x16][0x94]pLE[0xa6]T7[0xd4]S"[0x4][0x96]m[0xa6]D7[0x4](o[0x1b][0x85])[0x91][0x9][0xab]V[0xab]6`Qc^h[0xa3]U[0x13]([0x11]P\[0xe7]b[0xa5][0x95][0xf2][0xb8][0x91]5[0xb4][0xcf]Tj%[0x3]%-[0xa6][0xac][0xf4][0xa8][0xb5][0xaa]=V[0x8a][0x80][0xb9]R-[0xb4][0x12][0x1][0xb3][0x16][0x97]Z[0xae][0x95][0x11].[0xe1]}d[0x93][0x1b]3[0xcd][0xb0](5[0xf4]N[0x11][0xaf][0xb2]1[0xd9]z[0x95][0xf]@6^[0xb1][0xd4]E*[0xaf]hV[0xd2][0xab]lF[0xd6][0xa0]x[0xde]O[\n]"
2020-05-05 00:06:02,714 DEBUG [main] wire:87 - http-outgoing-0 << "[0xaf]T[0xae][0xe4]^[0xe5][0xdd][0xa5][0xf7][0xc2][0xcb]~[0xde][0xb]/[0xfb]y/[0x9c][0xdf][0x8d][0xfe][0xd9][0xfe][0xee][0x87][0xa1]C_zg[0xe][0xf6][0xe7]b[0xf8]G[0xb3]{[0xb1][0x9d][0xfd][0x4][0xc3]?[0xc2]Wv[0xdd]b[0xf8][0xee][0xaa]slQ-[0x16]T[0xce][0xc][0xa6][0x9b][0xcc][0xb4]:[0xc4][0xbe][0xaa][0xd6][0x4]38[0xfd][0x2][0xc4]#[0xe0][0x8f][0x80]=[0x2][0xfa][0x8][0xc8][0x3][0x80][0xe3][0xbd][0xdf][0x5]N[0x18][0x0]L7o[0xb][0x87][0xc][0x0][0xe6]Z[0x80]|[0x4][0xc1][0xe9][0xb2]"8[0x85][0xa9][0x97]%[0xc1][0xe9][0x12][0x4][0xa7]lQ[0x11][0x9c][0xc2][0xb7]][0x96][0x4][0xa7][0xb]P[0x7][0xa7]K[0x10][0x9c].Ap[0xba][0x4][0xc1])D#7[0xad][0x83]S[0xf][0x96]Y[0xfe]v1[0xae][[0x8c][0xd1]z[0xfd]?c[0xc][0x85][0x93]=[0xcc][0xb7][0xce][0x99]*[0xa8][0x1c][0xea][0xb8][0xfc]m[0xa8][0xe1]![0x9c][0xed][|)[0xe5][0xab]H[0xd5]]|I[0xa2][0x10][0xbd][0x92]^[0xd5]&[0x8][0xc1]+[0xe1]mT[0x82][0x10][0xbb][0x12]][0xca][0xf2]z[0xc8][0xdd][t9K[0xb5]l[0x99]\[0x92]kS[0xe2][0x82][0x1d]8[0xe7][0x10][0xbf](R[0xde][0xa2]Hq[0x8b]"[0xa5]-[0x8a][0x14][0xb6](R[0xd6][0xa2]HQ[0x8b]"%-[0x8a][0x10][0xb4]t[0x6]u[0xca]Yx"[0xbc][0x83][0xec]Xx[0x7]<[0x19][0x15][0xde][0x1]K[0x87]![0xbc][0x3][0x10][0xcb]Q>[0xf7];g[0xfd]D[0xd0][0xe7][0xfd]qy/[0x9f]'[0x3][0xe0][0x9f]C[0xdd][0x9b]W3[0xf8][0xcd][0xf1]9w[0x8]A5[0xe3][0xfa]:U[0x85][0xad]}[0x93]j[0xb6]v[0x98][0xaa][0x9b][0xd9][0xa6]![0xaf]<m[0x98]n[0xe0]{[0x86][0x93][0x83][0x9b]2[0x92]rY[0xc3][0x1c]#[0xc9][0x17][0xb5][0xa4][0x98][0xd2]XUni[0xea][0xe3][0xe1];[0xa9]tC3?[0xd5]H[0xd2][0xe5][0xcc]x![0xe9]b[0xa6][0xfe]'[0x11]k[0xd2][0x9d]Ly[0xb]_x@B[0xe8][0x8b]3k[0xf8])[0xce][0xdd]0[0x98]}[0x84]LKL[0x15][0x85]+.[0xd4]P]c*Y[0xdb]FI4[0xfc][0x15]j"y[0x90][0xbc][0xd1][0xfe][0xef][0xc3][0xdb]([0x99][0x1f]3[0xfc]3[0x1a][0x19][0x9e]2[0xa2][0xe1]=[0x8][0x83];[0xf7][0xf]g[0xf9]=X[0x8a][0x7][0x0][0x0]"
2020-05-05 00:06:02,717 DEBUG [main] PoolingHttpClientConnectionManager:341 - Connection [id: 0][route: {s}->https://raw.githubusercontent.com:443] can be kept alive indefinitely
2020-05-05 00:06:02,718 DEBUG [main] DefaultManagedHttpClientConnection:88 - http-outgoing-0: set socket timeout to 0
2020-05-05 00:06:02,719 DEBUG [main] PoolingHttpClientConnectionManager:348 - Connection released: [id: 0][route: {s}->https://raw.githubusercontent.com:443][total kept alive: 1; route allocated: 1 of 2; total allocated: 1 of 20]
2020-05-05 00:06:12,009  INFO [main] Logged1:21 - ************************Opening URL*******************************
2020-05-05 00:06:17,211  INFO [main] Logged1:45 - ************************Testcase_InValideUsername_validePassword*******************************
2020-05-05 00:06:37,687  INFO [main] Logged1:33 - ************************Testcase_IvValideUsername_InvalidePassword*******************************
2020-05-05 00:06:39,216  INFO [main] Logged1:20 - ************************Start executing smoke test for >> Sign in*******************************
2020-05-05 00:06:39,217  INFO [main] Logged1:21 - ************************Testcase_ValideUsername_InvalidePassword*******************************
2020-05-05 00:06:40,130  INFO [main] Logged1:58 - ************************Testcase_ValideUsername_validePassword*******************************
2020-05-05 00:09:14,379  INFO [main] Logged1:19 - ************************Opening browserName >>  Chrome*******************************
2020-05-05 00:09:30,779  INFO [main] Logged1:21 - ************************Opening URL*******************************
2020-05-05 00:09:36,183  INFO [main] Logged1:33 - ************************Testcase_IvValideUsername_InvalidePassword*******************************
2020-05-05 00:11:44,365  INFO [main] Logged1:19 - ************************Opening browserName >>  Chrome*******************************
2020-05-05 00:12:02,772  INFO [main] Logged1:21 - ************************Opening URL*******************************
2020-05-05 00:12:06,317  INFO [main] Logged1:33 - ************************Testcase_IvValideUsername_InvalidePassword*******************************
2020-05-05 00:16:49,759  INFO [main] Logged1:19 - ************************Opening browserName >>  Chrome*******************************
2020-05-05 00:17:14,007  INFO [main] Logged1:21 - ************************Opening URL*******************************
2020-05-05 00:19:16,106  INFO [main] Logged1:19 - ************************Opening browserName >>  Chrome*******************************
2020-05-05 00:19:31,650  INFO [main] Logged1:21 - ************************Opening URL*******************************
2020-05-05 00:25:43,994  INFO [main] Logged1:19 - ************************Opening browserName >>  Chrome*******************************
2020-05-05 00:26:02,065  INFO [main] Logged1:21 - ************************Opening URL*******************************
2020-05-05 00:26:06,587  INFO [main] Logged1:45 - ************************Testcase_InValideUsername_validePassword*******************************
2020-05-05 00:26:13,560  INFO [main] Logged1:33 - ************************Testcase_IvValideUsername_InvalidePassword*******************************
2020-05-05 00:26:14,249  INFO [main] Logged1:20 - ************************Start executing smoke test for >> Sign in*******************************
2020-05-05 00:26:14,249  INFO [main] Logged1:21 - ************************Testcase_ValideUsername_InvalidePassword*******************************
2020-05-05 00:26:15,139  INFO [main] Logged1:58 - ************************Testcase_ValideUsername_validePassword*******************************
2020-05-05 00:27:43,302  INFO [main] Logged1:19 - ************************Opening browserName >>  Chrome*******************************
2020-05-05 00:28:04,024  INFO [main] Logged1:21 - ************************Opening URL*******************************
2020-05-05 00:28:09,495  INFO [main] Logged1:19 - ************************Test SihgnIn fuctionality*******************************
2020-05-05 00:30:54,291  INFO [main] Logged1:19 - ************************Opening browserName >>  Chrome*******************************
2020-05-05 00:31:06,774  INFO [main] Logged1:21 - ************************Opening URL*******************************
2020-05-05 00:31:09,534  INFO [main] Logged1:19 - ************************Test SihgnIn fuctionality*******************************
2020-05-05 00:32:53,603  INFO [main] Logged1:19 - ************************Opening browserName >>  Chrome*******************************
2020-05-05 00:33:02,200  INFO [main] Logged1:21 - ************************Opening URL*******************************
2020-05-05 00:35:57,458  INFO [main] Logged1:19 - ************************Opening browserName >>  Chrome*******************************
2020-05-05 00:36:13,515  INFO [main] Logged1:21 - ************************Opening URL*******************************
2020-05-05 00:40:09,706  INFO [main] Logged1:19 - ************************Opening browserName >>  Chrome*******************************
2020-05-05 00:40:18,435  INFO [main] Logged1:21 - ************************Opening URL*******************************
2020-05-05 00:44:00,089  INFO [main] Logged1:19 - ************************Opening browserName >>  Chrome*******************************
2020-05-05 00:44:08,764  INFO [main] Logged1:21 - ************************Opening URL*******************************
2020-05-05 01:43:54,767  INFO [main] Logged1:19 - ************************Opening browserName >>  Chrome*******************************
2020-05-05 01:44:03,727  INFO [main] Logged1:21 - ************************Opening URL*******************************
2020-05-05 01:44:07,478  INFO [main] Logged1:45 - ************************Testcase_InValideUsername_validePassword*******************************
2020-05-05 01:44:11,240  INFO [main] Logged1:33 - ************************Testcase_IvValideUsername_InvalidePassword*******************************
2020-05-05 01:44:11,903  INFO [main] Logged1:20 - ************************Start executing smoke test for >> Sign in*******************************
2020-05-05 01:44:11,906  INFO [main] Logged1:21 - ************************Testcase_ValideUsername_InvalidePassword*******************************
2020-05-05 01:44:12,620  INFO [main] Logged1:58 - ************************Testcase_ValideUsername_validePassword*******************************
2020-05-05 01:45:17,812  INFO [main] Logged1:19 - ************************Opening browserName >>  Chrome*******************************
2020-05-05 01:45:27,081  INFO [main] Logged1:21 - ************************Opening URL*******************************
2020-05-05 01:45:29,662  INFO [main] Logged1:19 - ************************Test SihgnIn fuctionality*******************************
2020-05-05 01:56:07,603  INFO [main] Logged1:19 - ************************Opening browserName >>  Chrome*******************************
2020-05-05 01:56:23,568  INFO [main] Logged1:21 - ************************Opening URL*******************************
2020-05-05 01:56:26,582  INFO [main] Logged1:19 - ************************Test SihgnIn fuctionality*******************************
2020-05-05 01:56:39,129  INFO [main] Logged1:15 - ************************Test SihgnOut fuctionality*******************************
2020-05-05 01:57:34,807  INFO [main] Logged1:19 - ************************Opening browserName >>  Chrome*******************************
2020-05-05 01:57:46,823  INFO [main] Logged1:21 - ************************Opening URL*******************************
2020-05-05 01:57:50,785  INFO [main] Logged1:19 - ************************Test SihgnIn fuctionality*******************************
2020-05-05 01:58:05,893  INFO [main] Logged1:15 - ************************Test SihgnOut fuctionality*******************************
